<beans xmlns="http://www.springframework.org/schema/beans"
       xmlns:xsi="http://www.w3.org/2001/XMLSchema-instance"
       xmlns:context="http://www.springframework.org/schema/context"
       xmlns:tx="http://www.springframework.org/schema/tx" xmlns:aop="http://www.springframework.org/schema/aop"
       xsi:schemaLocation="http://www.springframework.org/schema/beans
        http://www.springframework.org/schema/beans/spring-beans.xsd
        http://www.springframework.org/schema/tx http://www.springframework.org/schema/tx/spring-tx-4.0.xsd
        http://www.springframework.org/schema/context http://www.springframework.org/schema/context/spring-context.xsd http://www.springframework.org/schema/aop http://www.springframework.org/schema/aop/spring-aop.xsd">

    <context:component-scan base-package="com.zhiyi"/>

    <!-- enable @AspectJ support with XML based configuration -->
    <aop:aspectj-autoproxy/>

    <tx:annotation-driven transaction-manager="transactionManager"/>


    <bean id="dataSource" class="com.mchange.v2.c3p0.ComboPooledDataSource"
          destroy-method="close">
        <property name="driverClass" value="com.mysql.jdbc.Driver"/>
        <property name="jdbcUrl" value="jdbc:mysql://192.168.0.233:3306/CommunityServer?characterEncoding=UTF-8"/>
        <property name="user" value="root"/>
        <property name="password" value="zhiyi1234"/>
        <property name="maxPoolSize" value="200"/>
        <property name="minPoolSize" value="5"/>
        <property name="initialPoolSize" value="5"/>
        <property name="maxIdleTime" value="180"/>
        <property name="checkoutTimeout" value="3000"/>
        <property name="acquireIncrement" value="5"/>
        <property name="acquireRetryAttempts" value="3"/>
        <property name="preferredTestQuery" value="select 1"></property>
        <property name="testConnectionOnCheckin" value="true"></property>
        <property name="idleConnectionTestPeriod" value="120"/>
        <property name="maxConnectionAge" value="150"/>
    </bean>

    <bean id="transactionManager" class="org.springframework.jdbc.datasource.DataSourceTransactionManager">
        <property name="dataSource" ref="dataSource"/>
    </bean>

    <bean id="sqlSessionFactory" class="org.mybatis.spring.SqlSessionFactoryBean">
        <property name="dataSource" ref="dataSource"/>
        <property name="configLocation" value="classpath:mybatisConfig.xml"/>
        <property name="mapperLocations" value="classpath*:com/zhiyi/falcon/core/model/*.xml"/>
    </bean>

    <bean class="org.mybatis.spring.mapper.MapperScannerConfigurer">
        <property name="basePackage" value="com.zhiyi.falcon.core.dao"/>
        <property name="sqlSessionFactoryBeanName" value="sqlSessionFactory"/>
    </bean>


</beans>